<?xml version="1.0" encoding="UTF-8"?>
<coverage generated="1668667601">
  <project timestamp="1668667601">
    <file name="/home/maxim/php-project-48/src/Differ.php">
      <line num="7" type="stmt" count="1"/>
      <line num="8" type="stmt" count="1"/>
      <line num="10" type="stmt" count="1"/>
      <line num="16" type="stmt" count="1"/>
      <line num="17" type="stmt" count="1"/>
      <line num="19" type="stmt" count="1"/>
      <line num="20" type="stmt" count="1"/>
      <line num="22" type="stmt" count="1"/>
      <line num="24" type="stmt" count="1"/>
      <line num="25" type="stmt" count="1"/>
      <line num="27" type="stmt" count="1"/>
      <line num="28" type="stmt" count="1"/>
      <line num="29" type="stmt" count="1"/>
      <line num="30" type="stmt" count="1"/>
      <line num="31" type="stmt" count="0"/>
      <line num="33" type="stmt" count="1"/>
      <line num="35" type="stmt" count="1"/>
      <line num="37" type="stmt" count="1"/>
      <line num="38" type="stmt" count="0"/>
      <line num="40" type="stmt" count="1"/>
      <line num="42" type="stmt" count="1"/>
      <line num="43" type="stmt" count="0"/>
      <line num="45" type="stmt" count="1"/>
      <line num="47" type="stmt" count="1"/>
      <line num="50" type="stmt" count="1"/>
      <line num="51" type="stmt" count="1"/>
      <line num="53" type="stmt" count="1"/>
      <line num="58" type="stmt" count="1"/>
      <line num="59" type="stmt" count="1"/>
      <line num="60" type="stmt" count="1"/>
      <line num="62" type="stmt" count="0"/>
      <line num="65" type="stmt" count="1"/>
      <metrics loc="67" ncloc="67" classes="0" methods="0" coveredmethods="0" conditionals="0" coveredconditionals="0" statements="32" coveredstatements="28" elements="32" coveredelements="28"/>
    </file>
    <metrics files="1" loc="67" ncloc="67" classes="0" methods="0" coveredmethods="0" conditionals="0" coveredconditionals="0" statements="32" coveredstatements="28" elements="32" coveredelements="28"/>
  </project>
</coverage>
